#
# A fatal error has been detected by the Java Runtime Environment:
#
#  EXCEPTION_ACCESS_VIOLATION (0xc0000005) at pc=0x00007ffa10e7bffb, pid=17212, tid=20316
#
# JRE version: Java(TM) SE Runtime Environment (14.0.1+7) (build 14.0.1+7)
# Java VM: Java HotSpot(TM) 64-Bit Server VM (14.0.1+7, mixed mode, sharing, tiered, compressed oops, parallel gc, windows-amd64)
# Problematic frame:
# V  [jvm.dll+0x5abffb]
#
# No core dump will be written. Minidumps are not enabled by default on client versions of Windows
#
# If you would like to submit a bug report, please visit:
#   https://bugreport.java.com/bugreport/crash.jsp
#

---------------  S U M M A R Y ------------

Command Line: --add-modules=ALL-SYSTEM --add-opens=java.base/java.util=ALL-UNNAMED --add-opens=java.base/java.lang=ALL-UNNAMED -Declipse.application=org.eclipse.jdt.ls.core.id1 -Dosgi.bundles.defaultStartLevel=4 -Declipse.product=org.eclipse.jdt.ls.core.product -Dfile.encoding=utf8 -DwatchParentProcess=false -XX:+UseParallelGC -XX:GCTimeRatio=4 -XX:AdaptiveSizePolicyWeight=90 -Dsun.zip.disableMemoryMapping=true -Xmx1G -Xms100m -javaagent:c:\Users\sebas\.vscode\extensions\gabrielbb.vscode-lombok-1.0.1\server\lombok.jar c:\Users\sebas\.vscode\extensions\redhat.java-0.74.0\server\plugins\org.eclipse.equinox.launcher_1.6.0.v20200915-1508.jar -configuration c:\Users\sebas\AppData\Roaming\Code\User\globalStorage\redhat.java\0.74.0\config_win -data c:\Users\sebas\AppData\Roaming\Code\User\workspaceStorage\79d30203d83fc0b461260d5d3566fa74\redhat.java\jdt_ws

Host: Intel(R) Core(TM) i7-9750H CPU @ 2.60GHz, 12 cores, 15G,  Windows 10 , 64 bit Build 19041 (10.0.19041.789)
Time: Tue Feb  9 21:03:45 2021 Central America Standard Time elapsed time: 3102 seconds (0d 0h 51m 42s)

---------------  T H R E A D  ---------------

Current thread (0x0000019a2f049000):  JavaThread "*** Profiler Agent Communication Thread" daemon [_thread_in_vm, id=20316, stack(0x00000078f6f00000,0x00000078f7000000)]

Stack: [0x00000078f6f00000,0x00000078f7000000],  sp=0x00000078f6ffed80,  free space=1019k
Native frames: (J=compiled Java code, j=interpreted, Vv=VM code, C=native code)
V  [jvm.dll+0x5abffb]
V  [jvm.dll+0x463e7b]
C  [profilerinterface.dll+0x34da]

Java frames: (J=compiled Java code, j=interpreted, Vv=VM code)
j  org.netbeans.lib.profiler.server.system.Stacks.getMethodNamesForJMethodIds(I[I[I)[B+0
j  org.netbeans.lib.profiler.server.ProfilerInterface.getMethodNamesForJMethodIds([I)Lorg/netbeans/lib/profiler/wireprotocol/MethodNamesResponse;+20
j  org.netbeans.lib.profiler.server.ProfilerServer.handleClientCommand(Lorg/netbeans/lib/profiler/wireprotocol/Command;)V+691
j  org.netbeans.lib.profiler.server.ProfilerServer.listenToClient()V+48
j  org.netbeans.lib.profiler.server.ProfilerServer.run()V+22
v  ~StubRoutines::call_stub

siginfo: EXCEPTION_ACCESS_VIOLATION (0xc0000005), reading address 0x000000002c668538


Register to memory mapping:

RIP=0x00007ffa10e7bffb jvm.dll
RAX=0x00000078f6ffed01 is pointing into the stack for thread: 0x0000019a2f049000
RBX=0x0000019a2f049000 is a thread
RCX=0x000000002c668538 is an unknown value
RDX=0x0000019a2f049000 is a thread
RSP=0x00000078f6ffed80 is pointing into the stack for thread: 0x0000019a2f049000
RBP=0x000000002c668538 is an unknown value
RSI=0x00000078f6ffeea0 is pointing into the stack for thread: 0x0000019a2f049000
RDI=0x0000019a212436a0 points into unknown readable memory: 00 f3 29 11 fa 7f 00 00
R8 =0x00000078f6ffeea0 is pointing into the stack for thread: 0x0000019a2f049000
R9 =0x000000000000002d is an unknown value
R10=0x0 is NULL
R11=0x00000078f6ffed78 is pointing into the stack for thread: 0x0000019a2f049000
R12=0x0000019a3252f5a0 points into unknown readable memory: 38 85 66 2c 48 85 66 2c
R13=0x0000000000000041 is an unknown value
R14=0x00007ffa76df9c68 profilerinterface.dll
R15=0x00007ffa76df9a60 profilerinterface.dll


Registers:
RAX=0x00000078f6ffed01, RBX=0x0000019a2f049000, RCX=0x000000002c668538, RDX=0x0000019a2f049000
RSP=0x00000078f6ffed80, RBP=0x000000002c668538, RSI=0x00000078f6ffeea0, RDI=0x0000019a212436a0
R8 =0x00000078f6ffeea0, R9 =0x000000000000002d, R10=0x0000000000000000, R11=0x00000078f6ffed78
R12=0x0000019a3252f5a0, R13=0x0000000000000041, R14=0x00007ffa76df9c68, R15=0x00007ffa76df9a60
RIP=0x00007ffa10e7bffb, EFLAGS=0x0000000000010202

Top of Stack: (sp=0x00000078f6ffed80)
0x00000078f6ffed80:   0000000000000041 0000000000000000
0x00000078f6ffed90:   0000019a2f049000 00000078f6ffef58
0x00000078f6ffeda0:   0000019a2f049000 00007ffa10d33e7b
0x00000078f6ffedb0:   0000000000000a28 0000019a2f049000
0x00000078f6ffedc0:   0000019a2f049310 00007ffa89c99d40
0x00000078f6ffedd0:   0000019a2f049000 0000000000000000
0x00000078f6ffede0:   0000019a00000000 0000000000000000
0x00000078f6ffedf0:   000000002c668538 00007ffa76df34da
0x00000078f6ffee00:   0000000000000000 0000019a2f049310
0x00000078f6ffee10:   0000000000000000 00000078f6ffef50
0x00000078f6ffee20:   0000019a3252f5a0 00007ffa10c09cb7
0x00000078f6ffee30:   00000078f6ffee50 0000019a22e45800
0x00000078f6ffee40:   00000000001532bb 0000019a09b60175
0x00000078f6ffee50:   0000019a32471998 0000019a2f049000
0x00000078f6ffee60:   0000019a2f049000 0000019a32471998
0x00000078f6ffee70:   0000000000000000 0000000000000000 

Instructions: (pc=0x00007ffa10e7bffb)
0x00007ffa10e7befb:   e8 c0 89 c4 ff 33 db c6 05 89 29 47 00 01 eb 67
0x00007ffa10e7bf0b:   48 8b 54 24 20 45 33 c0 48 8b 05 1e d1 42 00 48
0x00007ffa10e7bf1b:   83 c2 18 48 8b cf ff d0 48 85 c0 74 20 48 8b 44
0x00007ffa10e7bf2b:   24 20 48 8b d7 48 8b 48 08 48 8b 41 08 48 8b 48
0x00007ffa10e7bf3b:   18 48 8b 89 98 00 00 00 e8 68 fa ff ff 80 3d 1b
0x00007ffa10e7bf4b:   42 49 00 00 74 18 48 8b 4c 24 20 48 8b d3 e8 42
0x00007ffa10e7bf5b:   2b 00 00 48 83 7b 08 00 74 04 33 db eb 09 48 8b
0x00007ffa10e7bf6b:   44 24 20 48 8b 58 18 48 8d 4c 24 20 e8 34 76 d5
0x00007ffa10e7bf7b:   ff 48 8b 7c 24 40 48 8b c3 48 83 c4 30 5b c3 cc
0x00007ffa10e7bf8b:   cc cc cc cc cc 48 8b 51 08 4c 8b c1 48 8b 42 08
0x00007ffa10e7bf9b:   0f b6 52 24 c0 ea 06 48 8b 48 18 8b 81 a4 00 00
0x00007ffa10e7bfab:   00 f6 c2 01 75 27 48 85 c9 74 14 8b c8 c1 e9 09
0x00007ffa10e7bfbb:   f6 c1 01 74 0a 41 f7 40 20 02 04 00 00 74 0e 41
0x00007ffa10e7bfcb:   8b 48 20 0b c8 f6 c1 10 74 03 b0 01 c3 41 83 78
0x00007ffa10e7bfdb:   24 fe 0f 94 c0 c3 cc cc cc cc cc cc cc cc cc cc
0x00007ffa10e7bfeb:   cc cc cc cc cc 40 53 48 83 ec 20 48 85 c9 74 24
0x00007ffa10e7bffb:   48 8b 19 48 85 db 74 1c 48 83 fb 37 74 16 48 8b
0x00007ffa10e7c00b:   13 48 8b cb ff 52 10 84 c0 74 09 48 8b c3 48 83
0x00007ffa10e7c01b:   c4 20 5b c3 33 c0 48 83 c4 20 5b c3 cc cc cc cc
0x00007ffa10e7c02b:   cc cc cc cc cc 40 53 55 41 56 41 57 48 83 ec 28
0x00007ffa10e7c03b:   48 8b 41 08 33 ed 4c 8b f1 48 8b 50 08 4c 8b 7a
0x00007ffa10e7c04b:   18 49 8b 9f 80 01 00 00 48 85 db 0f 84 d5 00 00
0x00007ffa10e7c05b:   00 8b 15 8a 1e 4e 00 65 48 8b 04 25 58 00 00 00
0x00007ffa10e7c06b:   48 89 74 24 50 4c 89 64 24 60 4c 89 6c 24 20 41
0x00007ffa10e7c07b:   bd ff ff 00 00 4c 8d 24 d0 41 b8 08 00 00 00 48
0x00007ffa10e7c08b:   89 7c 24 58 90 49 8b 56 08 48 8b 73 10 0f b7 42
0x00007ffa10e7c09b:   2a 66 39 43 08 75 6c 0f b7 42 2c 66 39 43 0a 75
0x00007ffa10e7c0ab:   62 48 63 4b 04 0f b6 03 88 44 11 38 49 8b 04 24
0x00007ffa10e7c0bb:   41 8b c8 48 8b 3c 01 49 8b ce 48 8b d7 e8 93 11
0x00007ffa10e7c0cb:   bf ff 48 83 7f 08 00 75 0a 48 85 c0 74 05 66 44
0x00007ffa10e7c0db:   01 68 16 48 85 ed 74 14 48 8b cb 48 89 75 10 e8
0x00007ffa10e7c0eb:   01 69 af ff 41 b8 08 00 00 00 eb 1a 48 8b cb 49 


Stack slot to memory mapping:
stack at sp + 0 slots: 0x0000000000000041 is an unknown value
stack at sp + 1 slots: 0x0 is NULL
stack at sp + 2 slots: 0x0000019a2f049000 is a thread
stack at sp + 3 slots: 0x00000078f6ffef58 is pointing into the stack for thread: 0x0000019a2f049000
stack at sp + 4 slots: 0x0000019a2f049000 is a thread
stack at sp + 5 slots: 0x00007ffa10d33e7b jvm.dll
stack at sp + 6 slots: 0x0000000000000a28 is an unknown value
stack at sp + 7 slots: 0x0000019a2f049000 is a thread


---------------  P R O C E S S  ---------------

Threads class SMR info:
_java_thread_list=0x0000019a22c1d470, length=30, elements={
0x0000019a7f851000, 0x0000019a7f92a000, 0x0000019a7f92b000, 0x0000019a1bc7b000,
0x0000019a1bc7d000, 0x0000019a1bc7e800, 0x0000019a1d0f9800, 0x0000019a1d0fe000,
0x0000019a1d103800, 0x0000019a1d20c000, 0x0000019a1d4ae800, 0x0000019a1e719000,
0x0000019a1eb56000, 0x0000019a1f2fa800, 0x0000019a1ebe9000, 0x0000019a1f20a800,
0x0000019a1f3d7000, 0x0000019a1ec93000, 0x0000019a1ec96800, 0x0000019a1ec94800,
0x0000019a2f043800, 0x0000019a2f046800, 0x0000019a2f04b800, 0x0000019a2f04c800,
0x0000019a2f048000, 0x0000019a2f04f000, 0x0000019a2f049000, 0x0000019a2f044000,
0x0000019a2f04a800, 0x0000019a2f047800
}

Java Threads: ( => current thread )
  0x0000019a7f851000 JavaThread "main" [_thread_blocked, id=21000, stack(0x00000078f7100000,0x00000078f7200000)]
  0x0000019a7f92a000 JavaThread "Reference Handler" daemon [_thread_blocked, id=18320, stack(0x00000078f7400000,0x00000078f7500000)]
  0x0000019a7f92b000 JavaThread "Finalizer" daemon [_thread_blocked, id=11564, stack(0x00000078f7500000,0x00000078f7600000)]
  0x0000019a1bc7b000 JavaThread "Signal Dispatcher" daemon [_thread_blocked, id=23264, stack(0x00000078f7600000,0x00000078f7700000)]
  0x0000019a1bc7d000 JavaThread "Attach Listener" daemon [_thread_blocked, id=10432, stack(0x00000078f7700000,0x00000078f7800000)]
  0x0000019a1bc7e800 JavaThread "Service Thread" daemon [_thread_blocked, id=11936, stack(0x00000078f7800000,0x00000078f7900000)]
  0x0000019a1d0f9800 JavaThread "C2 CompilerThread0" daemon [_thread_blocked, id=16988, stack(0x00000078f7900000,0x00000078f7a00000)]
  0x0000019a1d0fe000 JavaThread "C1 CompilerThread0" daemon [_thread_blocked, id=6556, stack(0x00000078f7a00000,0x00000078f7b00000)]
  0x0000019a1d103800 JavaThread "Sweeper thread" daemon [_thread_blocked, id=9836, stack(0x00000078f7b00000,0x00000078f7c00000)]
  0x0000019a1d20c000 JavaThread "Common-Cleaner" daemon [_thread_blocked, id=10672, stack(0x00000078f7c00000,0x00000078f7d00000)]
  0x0000019a1d4ae800 JavaThread "Notification Thread" daemon [_thread_blocked, id=9592, stack(0x00000078f7e00000,0x00000078f7f00000)]
  0x0000019a1e719000 JavaThread "Active Thread: Equinox Container: c37c4445-0edd-47d2-8535-94c18e82bfd6" [_thread_blocked, id=20452, stack(0x00000078f8200000,0x00000078f8300000)]
  0x0000019a1eb56000 JavaThread "Framework Event Dispatcher: Equinox Container: c37c4445-0edd-47d2-8535-94c18e82bfd6" daemon [_thread_blocked, id=1876, stack(0x00000078f8300000,0x00000078f8400000)]
  0x0000019a1f2fa800 JavaThread "Start Level: Equinox Container: c37c4445-0edd-47d2-8535-94c18e82bfd6" daemon [_thread_blocked, id=17480, stack(0x00000078f8400000,0x00000078f8500000)]
  0x0000019a1ebe9000 JavaThread "SCR Component Actor" daemon [_thread_blocked, id=16692, stack(0x00000078f8500000,0x00000078f8600000)]
  0x0000019a1f20a800 JavaThread "Worker-JM" [_thread_blocked, id=15596, stack(0x00000078f8900000,0x00000078f8a00000)]
  0x0000019a1f3d7000 JavaThread "Worker-0" [_thread_blocked, id=6624, stack(0x00000078f8b00000,0x00000078f8c00000)]
  0x0000019a1ec93000 JavaThread "Java indexing" daemon [_thread_blocked, id=4264, stack(0x00000078f9100000,0x00000078f9200000)]
  0x0000019a1ec96800 JavaThread "logback configurator timer" daemon [_thread_blocked, id=5564, stack(0x00000078f9300000,0x00000078f9400000)]
  0x0000019a1ec94800 JavaThread "pool-2-thread-1" [_thread_in_native, id=9728, stack(0x00000078f9400000,0x00000078f9500000)]
  0x0000019a2f043800 JavaThread "Bundle File Closer" daemon [_thread_blocked, id=16960, stack(0x00000078f8800000,0x00000078f8900000)]
  0x0000019a2f046800 JavaThread "Java Debug Server" daemon [_thread_in_native, id=10680, stack(0x00000078f9f00000,0x00000078fa000000)]
  0x0000019a2f04b800 JavaThread "RxSchedulerPurge-1" daemon [_thread_blocked, id=12116, stack(0x00000078fa100000,0x00000078fa200000)]
  0x0000019a2f04c800 JavaThread "RxCachedWorkerPoolEvictor-1" daemon [_thread_blocked, id=23896, stack(0x00000078fa200000,0x00000078fa300000)]
  0x0000019a2f048000 JavaThread "ForkJoinPool.commonPool-worker-31" daemon [_thread_blocked, id=9392, stack(0x00000078f9200000,0x00000078f9300000)]
  0x0000019a2f04f000 JavaThread "Worker-7" [_thread_blocked, id=14768, stack(0x00000078f9b00000,0x00000078f9c00000)]
=>0x0000019a2f049000 JavaThread "*** Profiler Agent Communication Thread" daemon [_thread_in_vm, id=20316, stack(0x00000078f6f00000,0x00000078f7000000)]
  0x0000019a2f044000 JavaThread "*** JFluid Monitor thread ***" daemon [_thread_blocked, id=8580, stack(0x00000078f7000000,0x00000078f7100000)]
  0x0000019a2f04a800 JavaThread "*** Profiler Agent Special Execution Thread 6" daemon [_thread_blocked, id=10448, stack(0x00000078f7d00000,0x00000078f7e00000)]
  0x0000019a2f047800 JavaThread "*** Profiler Agent Special Execution Thread 10" daemon [_thread_blocked, id=25116, stack(0x00000078f8c00000,0x00000078f8d00000)]

Other Threads:
  0x0000019a1d0f1800 VMThread "VM Thread" [stack: 0x00000078f7300000,0x00000078f7400000] [id=18000] _threads_hazard_ptr=0x0000019a22c1d470
  0x0000019a1d31a800 WatcherThread [stack: 0x00000078f7f00000,0x00000078f8000000] [id=3816]
  0x0000019a7f869800 GCTaskThread "GC Thread#0" [stack: 0x00000078f7200000,0x00000078f7300000] [id=23416]
  0x0000019a1e7a1800 GCTaskThread "GC Thread#1" [stack: 0x00000078f8100000,0x00000078f8200000] [id=16548]
  0x0000019a1ecbd800 GCTaskThread "GC Thread#2" [stack: 0x00000078f8600000,0x00000078f8700000] [id=4872]
  0x0000019a1ecbe000 GCTaskThread "GC Thread#3" [stack: 0x00000078f8700000,0x00000078f8800000] [id=9152]
  0x0000019a1f260800 GCTaskThread "GC Thread#4" [stack: 0x00000078f8000000,0x00000078f8100000] [id=12712]
  0x0000019a1e62c000 GCTaskThread "GC Thread#5" [stack: 0x00000078f8a00000,0x00000078f8b00000] [id=8380]
  0x0000019a1ebef000 GCTaskThread "GC Thread#6" [stack: 0x00000078f8d00000,0x00000078f8e00000] [id=16816]
  0x0000019a1ec4f800 GCTaskThread "GC Thread#7" [stack: 0x00000078f8e00000,0x00000078f8f00000] [id=20488]
  0x0000019a1ec50000 GCTaskThread "GC Thread#8" [stack: 0x00000078f8f00000,0x00000078f9000000] [id=10016]
  0x0000019a1f239000 GCTaskThread "GC Thread#9" [stack: 0x00000078f9000000,0x00000078f9100000] [id=1660]

Threads with active compile tasks:

VM state:synchronizing (normal execution)

VM Mutex/Monitor currently owned by a thread:  ([mutex/lock_event])
[0x0000019a7f84c9c0] Threads_lock - owner thread: 0x0000019a1d0f1800

Heap address: 0x00000000c0000000, size: 1024 MB, Compressed Oops mode: 32-bit
Narrow klass base: 0x0000000800000000, Narrow klass shift: 3
Compressed class space size: 1073741824 Address: 0x0000000800b30000

Heap:
 PSYoungGen      total 34816K, used 33454K [0x00000000eab00000, 0x00000000ed900000, 0x0000000100000000)
  eden space 33280K, 95% used [0x00000000eab00000,0x00000000eca2ff18,0x00000000ecb80000)
  from space 1536K, 98% used [0x00000000ed780000,0x00000000ed8fbb70,0x00000000ed900000)
  to   space 5120K, 0% used [0x00000000ecf00000,0x00000000ecf00000,0x00000000ed400000)
 ParOldGen       total 380416K, used 350552K [0x00000000c0000000, 0x00000000d7380000, 0x00000000eab00000)
  object space 380416K, 92% used [0x00000000c0000000,0x00000000d56561a8,0x00000000d7380000)
 Metaspace       used 67968K, capacity 71468K, committed 71552K, reserved 1112064K
  class space    used 7070K, capacity 8302K, committed 8320K, reserved 1048576K

Card table byte_map: [0x0000019a18cf0000,0x0000019a18f00000] _byte_map_base: 0x0000019a186f0000

Marking Bits: (ParMarkBitMap*) 0x00007ffa1132a260
 Begin Bits: [0x0000019a19060000, 0x0000019a1a060000)
 End Bits:   [0x0000019a1a060000, 0x0000019a1b060000)

Polling page: 0x0000019a01410000

Metaspace:

Usage:
  Non-class:     61.69 MB capacity,    59.47 MB ( 96%) used,     2.06 MB (  3%) free+waste,   159.81 KB ( <1%) overhead. 
      Class:      8.11 MB capacity,     6.90 MB ( 85%) used,     1.13 MB ( 14%) free+waste,    71.69 KB ( <1%) overhead. 
       Both:     69.79 MB capacity,    66.38 MB ( 95%) used,     3.19 MB (  5%) free+waste,   231.50 KB ( <1%) overhead. 

Virtual space:
  Non-class space:       62.00 MB reserved,      61.75 MB (>99%) committed 
      Class space:        1.00 GB reserved,       8.13 MB ( <1%) committed 
             Both:        1.06 GB reserved,      69.88 MB (  6%) committed 

Chunk freelists:
   Non-Class:  2.00 KB
       Class:  18.00 KB
        Both:  20.00 KB

MaxMetaspaceSize: 17179869184.00 GB
CompressedClassSpaceSize: 1.00 GB

CodeHeap 'non-profiled nmethods': size=120000Kb used=7145Kb max_used=7330Kb free=112854Kb
 bounds [0x0000019a115d0000, 0x0000019a11d00000, 0x0000019a18b00000]
CodeHeap 'profiled nmethods': size=120000Kb used=20630Kb max_used=21994Kb free=99370Kb
 bounds [0x0000019a0a0a0000, 0x0000019a0b620000, 0x0000019a115d0000]
CodeHeap 'non-nmethods': size=5760Kb used=1418Kb max_used=1489Kb free=4341Kb
 bounds [0x0000019a09b00000, 0x0000019a09d70000, 0x0000019a0a0a0000]
 total_blobs=14956 nmethods=8873 adapters=645
 compilation: enabled
              stopped_count=0, restarted_count=0
 full_count=0

Compilation events (20 events):
Event: 3101.902 Thread 0x0000019a1d0fe000 11123   !   3       java.security.SecureRandom::nextBytes (41 bytes)
Event: 3101.903 Thread 0x0000019a1d0fe000 nmethod 11123 0x0000019a0b61c610 code [0x0000019a0b61c7e0, 0x0000019a0b61ccb8]
Event: 3101.969 Thread 0x0000019a1d0f9800 11124       4       java.lang.Integer::<init> (10 bytes)
Event: 3101.969 Thread 0x0000019a1d0fe000 11125       3       org.netbeans.lib.profiler.server.ThreadInfo::isProfilerServerThread (36 bytes)
Event: 3101.969 Thread 0x0000019a1d0fe000 nmethod 11125 0x0000019a0b61ce10 code [0x0000019a0b61cfc0, 0x0000019a0b61d238]
Event: 3101.969 Thread 0x0000019a1d0f9800 nmethod 11124 0x0000019a11cf8190 code [0x0000019a11cf8300, 0x0000019a11cf8378]
Event: 3102.135 Thread 0x0000019a1d0fe000 11127       3       jdk.internal.util.ArraysSupport::mismatch (72 bytes)
Event: 3102.136 Thread 0x0000019a1d0fe000 nmethod 11127 0x0000019a0b61d390 code [0x0000019a0b61d560, 0x0000019a0b61d918]
Event: 3102.136 Thread 0x0000019a1d0fe000 11126       3       java.util.Arrays::equals (43 bytes)
Event: 3102.137 Thread 0x0000019a1d0fe000 nmethod 11126 0x0000019a0b61db10 code [0x0000019a0b61dcc0, 0x0000019a0b61df68]
Event: 3102.243 Thread 0x0000019a1d0fe000 11128       3       org.netbeans.lib.profiler.server.ProfilerRuntimeSampler$Sampling::writeThreadInfoNoChange (86 bytes)
Event: 3102.244 Thread 0x0000019a1d0fe000 nmethod 11128 0x0000019a0b61e090 code [0x0000019a0b61e260, 0x0000019a0b61e588]
Event: 3102.598 Thread 0x0000019a1d0f9800 11130       4       java.lang.Long::hashCode (8 bytes)
Event: 3102.599 Thread 0x0000019a1d0f9800 nmethod 11130 0x0000019a11cf8890 code [0x0000019a11cf8a00, 0x0000019a11cf8a78]
Event: 3102.660 Thread 0x0000019a1d0fe000 11132       3       org.netbeans.lib.profiler.server.Monitors$ThreadDataTable::getPosIndex (46 bytes)
Event: 3102.661 Thread 0x0000019a1d0fe000 nmethod 11132 0x0000019a0a579710 code [0x0000019a0a5798c0, 0x0000019a0a579c08]
Event: 3102.661 Thread 0x0000019a1d0fe000 11131       3       org.netbeans.lib.profiler.server.Monitors$ThreadDataTable::put (149 bytes)
Event: 3102.662 Thread 0x0000019a1d0fe000 nmethod 11131 0x0000019a0a723b90 code [0x0000019a0a723da0, 0x0000019a0a724408]
Event: 3102.914 Thread 0x0000019a1d0fe000 11134       1       sun.nio.ch.NativeThread::current (2 bytes)
Event: 3102.915 Thread 0x0000019a1d0fe000 nmethod 11134 0x0000019a11aa3690 code [0x0000019a11aa3820, 0x0000019a11aa38b8]

GC Heap History (20 events):
Event: 433.504 GC heap before
{Heap before GC invocations=120 (full 9):
 PSYoungGen      total 50688K, used 50676K [0x00000000eab00000, 0x00000000ef380000, 0x0000000100000000)
  eden space 44032K, 100% used [0x00000000eab00000,0x00000000ed600000,0x00000000ed600000)
  from space 6656K, 99% used [0x00000000eed00000,0x00000000ef37d190,0x00000000ef380000)
  to   space 11264K, 0% used [0x00000000edd80000,0x00000000edd80000,0x00000000ee880000)
 ParOldGen       total 380416K, used 319064K [0x00000000c0000000, 0x00000000d7380000, 0x00000000eab00000)
  object space 380416K, 83% used [0x00000000c0000000,0x00000000d3796378,0x00000000d7380000)
 Metaspace       used 60868K, capacity 64101K, committed 64384K, reserved 1105920K
  class space    used 6555K, capacity 7763K, committed 7808K, reserved 1048576K
}
Event: 433.520 GC heap after
{Heap after GC invocations=120 (full 9):
 PSYoungGen      total 54784K, used 11260K [0x00000000eab00000, 0x00000000ef780000, 0x0000000100000000)
  eden space 43520K, 0% used [0x00000000eab00000,0x00000000eab00000,0x00000000ed580000)
  from space 11264K, 99% used [0x00000000edd80000,0x00000000ee87f1d0,0x00000000ee880000)
  to   space 15360K, 0% used [0x00000000ee880000,0x00000000ee880000,0x00000000ef780000)
 ParOldGen       total 380416K, used 323323K [0x00000000c0000000, 0x00000000d7380000, 0x00000000eab00000)
  object space 380416K, 84% used [0x00000000c0000000,0x00000000d3bbed78,0x00000000d7380000)
 Metaspace       used 60868K, capacity 64101K, committed 64384K, reserved 1105920K
  class space    used 6555K, capacity 7763K, committed 7808K, reserved 1048576K
}
Event: 435.458 GC heap before
{Heap before GC invocations=121 (full 9):
 PSYoungGen      total 54784K, used 54780K [0x00000000eab00000, 0x00000000ef780000, 0x0000000100000000)
  eden space 43520K, 100% used [0x00000000eab00000,0x00000000ed580000,0x00000000ed580000)
  from space 11264K, 99% used [0x00000000edd80000,0x00000000ee87f1d0,0x00000000ee880000)
  to   space 15360K, 0% used [0x00000000ee880000,0x00000000ee880000,0x00000000ef780000)
 ParOldGen       total 380416K, used 323323K [0x00000000c0000000, 0x00000000d7380000, 0x00000000eab00000)
  object space 380416K, 84% used [0x00000000c0000000,0x00000000d3bbed78,0x00000000d7380000)
 Metaspace       used 62038K, capacity 65281K, committed 65536K, reserved 1107968K
  class space    used 6625K, capacity 7813K, committed 7936K, reserved 1048576K
}
Event: 435.475 GC heap after
{Heap after GC invocations=121 (full 9):
 PSYoungGen      total 52736K, used 15353K [0x00000000eab00000, 0x00000000f0700000, 0x0000000100000000)
  eden space 37376K, 0% used [0x00000000eab00000,0x00000000eab00000,0x00000000ecf80000)
  from space 15360K, 99% used [0x00000000ee880000,0x00000000ef77e6b0,0x00000000ef780000)
  to   space 25600K, 0% used [0x00000000ecf80000,0x00000000ecf80000,0x00000000ee880000)
 ParOldGen       total 380416K, used 331654K [0x00000000c0000000, 0x00000000d7380000, 0x00000000eab00000)
  object space 380416K, 87% used [0x00000000c0000000,0x00000000d43e1a20,0x00000000d7380000)
 Metaspace       used 62038K, capacity 65281K, committed 65536K, reserved 1107968K
  class space    used 6625K, capacity 7813K, committed 7936K, reserved 1048576K
}
Event: 439.527 GC heap before
{Heap before GC invocations=122 (full 9):
 PSYoungGen      total 52736K, used 52729K [0x00000000eab00000, 0x00000000f0700000, 0x0000000100000000)
  eden space 37376K, 100% used [0x00000000eab00000,0x00000000ecf80000,0x00000000ecf80000)
  from space 15360K, 99% used [0x00000000ee880000,0x00000000ef77e6b0,0x00000000ef780000)
  to   space 25600K, 0% used [0x00000000ecf80000,0x00000000ecf80000,0x00000000ee880000)
 ParOldGen       total 380416K, used 331654K [0x00000000c0000000, 0x00000000d7380000, 0x00000000eab00000)
  object space 380416K, 87% used [0x00000000c0000000,0x00000000d43e1a20,0x00000000d7380000)
 Metaspace       used 62856K, capacity 66131K, committed 66304K, reserved 1107968K
  class space    used 6645K, capacity 7818K, committed 7936K, reserved 1048576K
}
Event: 439.542 GC heap after
{Heap after GC invocations=122 (full 9):
 PSYoungGen      total 49664K, used 12606K [0x00000000eab00000, 0x00000000ef000000, 0x0000000100000000)
  eden space 36864K, 0% used [0x00000000eab00000,0x00000000eab00000,0x00000000ecf00000)
  from space 12800K, 98% used [0x00000000ecf80000,0x00000000edbcf978,0x00000000edc00000)
  to   space 16896K, 0% used [0x00000000edf80000,0x00000000edf80000,0x00000000ef000000)
 ParOldGen       total 380416K, used 334650K [0x00000000c0000000, 0x00000000d7380000, 0x00000000eab00000)
  object space 380416K, 87% used [0x00000000c0000000,0x00000000d46ce9b0,0x00000000d7380000)
 Metaspace       used 62856K, capacity 66131K, committed 66304K, reserved 1107968K
  class space    used 6645K, capacity 7818K, committed 7936K, reserved 1048576K
}
Event: 456.909 GC heap before
{Heap before GC invocations=123 (full 9):
 PSYoungGen      total 49664K, used 49470K [0x00000000eab00000, 0x00000000ef000000, 0x0000000100000000)
  eden space 36864K, 100% used [0x00000000eab00000,0x00000000ecf00000,0x00000000ecf00000)
  from space 12800K, 98% used [0x00000000ecf80000,0x00000000edbcf978,0x00000000edc00000)
  to   space 16896K, 0% used [0x00000000edf80000,0x00000000edf80000,0x00000000ef000000)
 ParOldGen       total 380416K, used 334650K [0x00000000c0000000, 0x00000000d7380000, 0x00000000eab00000)
  object space 380416K, 87% used [0x00000000c0000000,0x00000000d46ce9b0,0x00000000d7380000)
 Metaspace       used 63335K, capacity 66635K, committed 66816K, reserved 1107968K
  class space    used 6649K, capacity 7850K, committed 7936K, reserved 1048576K
}
Event: 456.921 GC heap after
{Heap after GC invocations=123 (full 9):
 PSYoungGen      total 49152K, used 12444K [0x00000000eab00000, 0x00000000eec00000, 0x0000000100000000)
  eden space 36352K, 0% used [0x00000000eab00000,0x00000000eab00000,0x00000000ece80000)
  from space 12800K, 97% used [0x00000000edf80000,0x00000000eeba7058,0x00000000eec00000)
  to   space 13312K, 0% used [0x00000000ed200000,0x00000000ed200000,0x00000000edf00000)
 ParOldGen       total 380416K, used 334658K [0x00000000c0000000, 0x00000000d7380000, 0x00000000eab00000)
  object space 380416K, 87% used [0x00000000c0000000,0x00000000d46d09b0,0x00000000d7380000)
 Metaspace       used 63335K, capacity 66635K, committed 66816K, reserved 1107968K
  class space    used 6649K, capacity 7850K, committed 7936K, reserved 1048576K
}
Event: 512.518 GC heap before
{Heap before GC invocations=124 (full 9):
 PSYoungGen      total 49152K, used 48796K [0x00000000eab00000, 0x00000000eec00000, 0x0000000100000000)
  eden space 36352K, 100% used [0x00000000eab00000,0x00000000ece80000,0x00000000ece80000)
  from space 12800K, 97% used [0x00000000edf80000,0x00000000eeba7058,0x00000000eec00000)
  to   space 13312K, 0% used [0x00000000ed200000,0x00000000ed200000,0x00000000edf00000)
 ParOldGen       total 380416K, used 334658K [0x00000000c0000000, 0x00000000d7380000, 0x00000000eab00000)
  object space 380416K, 87% used [0x00000000c0000000,0x00000000d46d09b0,0x00000000d7380000)
 Metaspace       used 63399K, capacity 66700K, committed 66816K, reserved 1107968K
  class space    used 6649K, capacity 7850K, committed 7936K, reserved 1048576K
}
Event: 512.530 GC heap after
{Heap after GC invocations=124 (full 9):
 PSYoungGen      total 48128K, used 12222K [0x00000000eab00000, 0x00000000ee700000, 0x0000000100000000)
  eden space 35840K, 0% used [0x00000000eab00000,0x00000000eab00000,0x00000000ece00000)
  from space 12288K, 99% used [0x00000000ed200000,0x00000000eddefbf0,0x00000000ede00000)
  to   space 9216K, 0% used [0x00000000ede00000,0x00000000ede00000,0x00000000ee700000)
 ParOldGen       total 380416K, used 334658K [0x00000000c0000000, 0x00000000d7380000, 0x00000000eab00000)
  object space 380416K, 87% used [0x00000000c0000000,0x00000000d46d09b0,0x00000000d7380000)
 Metaspace       used 63399K, capacity 66700K, committed 66816K, reserved 1107968K
  class space    used 6649K, capacity 7850K, committed 7936K, reserved 1048576K
}
Event: 673.218 GC heap before
{Heap before GC invocations=125 (full 9):
 PSYoungGen      total 48128K, used 48062K [0x00000000eab00000, 0x00000000ee700000, 0x0000000100000000)
  eden space 35840K, 100% used [0x00000000eab00000,0x00000000ece00000,0x00000000ece00000)
  from space 12288K, 99% used [0x00000000ed200000,0x00000000eddefbf0,0x00000000ede00000)
  to   space 9216K, 0% used [0x00000000ede00000,0x00000000ede00000,0x00000000ee700000)
 ParOldGen       total 380416K, used 334658K [0x00000000c0000000, 0x00000000d7380000, 0x00000000eab00000)
  object space 380416K, 87% used [0x00000000c0000000,0x00000000d46d09b0,0x00000000d7380000)
 Metaspace       used 63787K, capacity 66990K, committed 67072K, reserved 1107968K
  class space    used 6659K, capacity 7857K, committed 7936K, reserved 1048576K
}
Event: 673.233 GC heap after
{Heap after GC invocations=125 (full 9):
 PSYoungGen      total 44544K, used 9200K [0x00000000eab00000, 0x00000000ee880000, 0x0000000100000000)
  eden space 35328K, 0% used [0x00000000eab00000,0x00000000eab00000,0x00000000ecd80000)
  from space 9216K, 99% used [0x00000000ede00000,0x00000000ee6fc050,0x00000000ee700000)
  to   space 13824K, 0% used [0x00000000ecd80000,0x00000000ecd80000,0x00000000edb00000)
 ParOldGen       total 380416K, used 338799K [0x00000000c0000000, 0x00000000d7380000, 0x00000000eab00000)
  object space 380416K, 89% used [0x00000000c0000000,0x00000000d4adbe10,0x00000000d7380000)
 Metaspace       used 63787K, capacity 66990K, committed 67072K, reserved 1107968K
  class space    used 6659K, capacity 7857K, committed 7936K, reserved 1048576K
}
Event: 680.362 GC heap before
{Heap before GC invocations=126 (full 9):
 PSYoungGen      total 44544K, used 44528K [0x00000000eab00000, 0x00000000ee880000, 0x0000000100000000)
  eden space 35328K, 100% used [0x00000000eab00000,0x00000000ecd80000,0x00000000ecd80000)
  from space 9216K, 99% used [0x00000000ede00000,0x00000000ee6fc050,0x00000000ee700000)
  to   space 13824K, 0% used [0x00000000ecd80000,0x00000000ecd80000,0x00000000edb00000)
 ParOldGen       total 380416K, used 338799K [0x00000000c0000000, 0x00000000d7380000, 0x00000000eab00000)
  object space 380416K, 89% used [0x00000000c0000000,0x00000000d4adbe10,0x00000000d7380000)
 Metaspace       used 64588K, capacity 67903K, committed 68096K, reserved 1110016K
  class space    used 6738K, capacity 7927K, committed 7936K, reserved 1048576K
}
Event: 680.378 GC heap after
{Heap after GC invocations=126 (full 9):
 PSYoungGen      total 36352K, used 1216K [0x00000000eab00000, 0x00000000ede80000, 0x0000000100000000)
  eden space 34816K, 0% used [0x00000000eab00000,0x00000000eab00000,0x00000000ecd00000)
  from space 1536K, 79% used [0x00000000ecd80000,0x00000000eceb0060,0x00000000ecf00000)
  to   space 6144K, 0% used [0x00000000ed880000,0x00000000ed880000,0x00000000ede80000)
 ParOldGen       total 380416K, used 347912K [0x00000000c0000000, 0x00000000d7380000, 0x00000000eab00000)
  object space 380416K, 91% used [0x00000000c0000000,0x00000000d53c21a8,0x00000000d7380000)
 Metaspace       used 64588K, capacity 67903K, committed 68096K, reserved 1110016K
  class space    used 6738K, capacity 7927K, committed 7936K, reserved 1048576K
}
Event: 723.110 GC heap before
{Heap before GC invocations=127 (full 9):
 PSYoungGen      total 36352K, used 36032K [0x00000000eab00000, 0x00000000ede80000, 0x0000000100000000)
  eden space 34816K, 100% used [0x00000000eab00000,0x00000000ecd00000,0x00000000ecd00000)
  from space 1536K, 79% used [0x00000000ecd80000,0x00000000eceb0060,0x00000000ecf00000)
  to   space 6144K, 0% used [0x00000000ed880000,0x00000000ed880000,0x00000000ede80000)
 ParOldGen       total 380416K, used 347912K [0x00000000c0000000, 0x00000000d7380000, 0x00000000eab00000)
  object space 380416K, 91% used [0x00000000c0000000,0x00000000d53c21a8,0x00000000d7380000)
 Metaspace       used 64882K, capacity 68169K, committed 68352K, reserved 1110016K
  class space    used 6742K, capacity 7928K, committed 7936K, reserved 1048576K
}
Event: 723.117 GC heap after
{Heap after GC invocations=127 (full 9):
 PSYoungGen      total 35328K, used 960K [0x00000000eab00000, 0x00000000ed980000, 0x0000000100000000)
  eden space 34304K, 0% used [0x00000000eab00000,0x00000000eab00000,0x00000000ecc80000)
  from space 1024K, 93% used [0x00000000ed880000,0x00000000ed970040,0x00000000ed980000)
  to   space 2048K, 0% used [0x00000000ed580000,0x00000000ed580000,0x00000000ed780000)
 ParOldGen       total 380416K, used 347920K [0x00000000c0000000, 0x00000000d7380000, 0x00000000eab00000)
  object space 380416K, 91% used [0x00000000c0000000,0x00000000d53c41a8,0x00000000d7380000)
 Metaspace       used 64882K, capacity 68169K, committed 68352K, reserved 1110016K
  class space    used 6742K, capacity 7928K, committed 7936K, reserved 1048576K
}
Event: 748.131 GC heap before
{Heap before GC invocations=128 (full 9):
 PSYoungGen      total 35328K, used 35264K [0x00000000eab00000, 0x00000000ed980000, 0x0000000100000000)
  eden space 34304K, 100% used [0x00000000eab00000,0x00000000ecc80000,0x00000000ecc80000)
  from space 1024K, 93% used [0x00000000ed880000,0x00000000ed970040,0x00000000ed980000)
  to   space 2048K, 0% used [0x00000000ed580000,0x00000000ed580000,0x00000000ed780000)
 ParOldGen       total 380416K, used 347920K [0x00000000c0000000, 0x00000000d7380000, 0x00000000eab00000)
  object space 380416K, 91% used [0x00000000c0000000,0x00000000d53c41a8,0x00000000d7380000)
 Metaspace       used 65762K, capacity 69177K, committed 69376K, reserved 1110016K
  class space    used 6844K, capacity 8070K, committed 8192K, reserved 1048576K
}
Event: 748.138 GC heap after
{Heap after GC invocations=128 (full 9):
 PSYoungGen      total 35840K, used 1120K [0x00000000eab00000, 0x00000000ed900000, 0x0000000100000000)
  eden space 33792K, 0% used [0x00000000eab00000,0x00000000eab00000,0x00000000ecc00000)
  from space 2048K, 54% used [0x00000000ed580000,0x00000000ed698040,0x00000000ed780000)
  to   space 1536K, 0% used [0x00000000ed780000,0x00000000ed780000,0x00000000ed900000)
 ParOldGen       total 380416K, used 347928K [0x00000000c0000000, 0x00000000d7380000, 0x00000000eab00000)
  object space 380416K, 91% used [0x00000000c0000000,0x00000000d53c61a8,0x00000000d7380000)
 Metaspace       used 65762K, capacity 69177K, committed 69376K, reserved 1110016K
  class space    used 6844K, capacity 8070K, committed 8192K, reserved 1048576K
}
Event: 769.787 GC heap before
{Heap before GC invocations=129 (full 9):
 PSYoungGen      total 35840K, used 34912K [0x00000000eab00000, 0x00000000ed900000, 0x0000000100000000)
  eden space 33792K, 100% used [0x00000000eab00000,0x00000000ecc00000,0x00000000ecc00000)
  from space 2048K, 54% used [0x00000000ed580000,0x00000000ed698040,0x00000000ed780000)
  to   space 1536K, 0% used [0x00000000ed780000,0x00000000ed780000,0x00000000ed900000)
 ParOldGen       total 380416K, used 347928K [0x00000000c0000000, 0x00000000d7380000, 0x00000000eab00000)
  object space 380416K, 91% used [0x00000000c0000000,0x00000000d53c61a8,0x00000000d7380000)
 Metaspace       used 65980K, capacity 69437K, committed 69632K, reserved 1110016K
  class space    used 6854K, capacity 8071K, committed 8192K, reserved 1048576K
}
Event: 769.797 GC heap after
{Heap after GC invocations=129 (full 9):
 PSYoungGen      total 34816K, used 1518K [0x00000000eab00000, 0x00000000ed900000, 0x0000000100000000)
  eden space 33280K, 0% used [0x00000000eab00000,0x00000000eab00000,0x00000000ecb80000)
  from space 1536K, 98% used [0x00000000ed780000,0x00000000ed8fbb70,0x00000000ed900000)
  to   space 5120K, 0% used [0x00000000ecf00000,0x00000000ecf00000,0x00000000ed400000)
 ParOldGen       total 380416K, used 350552K [0x00000000c0000000, 0x00000000d7380000, 0x00000000eab00000)
  object space 380416K, 92% used [0x00000000c0000000,0x00000000d56561a8,0x00000000d7380000)
 Metaspace       used 65980K, capacity 69437K, committed 69632K, reserved 1110016K
  class space    used 6854K, capacity 8071K, committed 8192K, reserved 1048576K
}

Deoptimization events (20 events):
Event: 3101.609 Thread 0x0000019a2f04a000 Uncommon trap: trap_request=0xffffffde fr.pc=0x0000019a11cf4780 relative=0x0000000000000560
Event: 3101.609 Thread 0x0000019a2f04a000 Uncommon trap: reason=class_check action=maybe_recompile pc=0x0000019a11cf4780 method=java.util.WeakHashMap.eq(Ljava/lang/Object;Ljava/lang/Object;)Z @ 7 c2
Event: 3101.609 Thread 0x0000019a2f04a000 DEOPT PACKING pc=0x0000019a11cf4780 sp=0x00000078f6efdce0
Event: 3101.609 Thread 0x0000019a2f04a000 DEOPT UNPACKING pc=0x0000019a09b4912f sp=0x00000078f6efdc38 mode 2
Event: 3101.622 Thread 0x0000019a2f04a000 Uncommon trap: trap_request=0xffffffde fr.pc=0x0000019a11cf4780 relative=0x0000000000000560
Event: 3101.622 Thread 0x0000019a2f04a000 Uncommon trap: reason=class_check action=maybe_recompile pc=0x0000019a11cf4780 method=java.util.WeakHashMap.eq(Ljava/lang/Object;Ljava/lang/Object;)Z @ 7 c2
Event: 3101.622 Thread 0x0000019a2f04a000 DEOPT PACKING pc=0x0000019a11cf4780 sp=0x00000078f6efda90
Event: 3101.622 Thread 0x0000019a2f04a000 DEOPT UNPACKING pc=0x0000019a09b4912f sp=0x00000078f6efd9e8 mode 2
Event: 3101.622 Thread 0x0000019a2f04a000 Uncommon trap: trap_request=0xffffffde fr.pc=0x0000019a11cf4780 relative=0x0000000000000560
Event: 3101.622 Thread 0x0000019a2f04a000 Uncommon trap: reason=class_check action=maybe_recompile pc=0x0000019a11cf4780 method=java.util.WeakHashMap.eq(Ljava/lang/Object;Ljava/lang/Object;)Z @ 7 c2
Event: 3101.622 Thread 0x0000019a2f04a000 DEOPT PACKING pc=0x0000019a11cf4780 sp=0x00000078f6efd9e0
Event: 3101.622 Thread 0x0000019a2f04a000 DEOPT UNPACKING pc=0x0000019a09b4912f sp=0x00000078f6efd938 mode 2
Event: 3101.632 Thread 0x0000019a2f04a000 Uncommon trap: trap_request=0xffffffde fr.pc=0x0000019a11cf4780 relative=0x0000000000000560
Event: 3101.632 Thread 0x0000019a2f04a000 Uncommon trap: reason=class_check action=maybe_recompile pc=0x0000019a11cf4780 method=java.util.WeakHashMap.eq(Ljava/lang/Object;Ljava/lang/Object;)Z @ 7 c2
Event: 3101.632 Thread 0x0000019a2f04a000 DEOPT PACKING pc=0x0000019a11cf4780 sp=0x00000078f6efde50
Event: 3101.632 Thread 0x0000019a2f04a000 DEOPT UNPACKING pc=0x0000019a09b4912f sp=0x00000078f6efdd98 mode 2
Event: 3101.632 Thread 0x0000019a2f04a000 Uncommon trap: trap_request=0xffffffde fr.pc=0x0000019a11cf6194 relative=0x0000000000000054
Event: 3101.632 Thread 0x0000019a2f04a000 Uncommon trap: reason=class_check action=maybe_recompile pc=0x0000019a11cf6194 method=java.util.WeakHashMap.eq(Ljava/lang/Object;Ljava/lang/Object;)Z @ 7 c2
Event: 3101.632 Thread 0x0000019a2f04a000 DEOPT PACKING pc=0x0000019a11cf6194 sp=0x00000078f6efddf0
Event: 3101.632 Thread 0x0000019a2f04a000 DEOPT UNPACKING pc=0x0000019a09b4912f sp=0x00000078f6efdd88 mode 2

Classes unloaded (3 events):
Event: 7.036 Thread 0x0000019a1d0f1800 Unloading class 0x00000008011ff040 'org/eclipse/jdt/ls/core/internal/ChangeUtil$$Lambda$460'
Event: 7.036 Thread 0x0000019a1d0f1800 Unloading class 0x00000008011fa440 'org/eclipse/jdt/ls/core/internal/ChangeUtil$$Lambda$457'
Event: 7.036 Thread 0x0000019a1d0f1800 Unloading class 0x00000008011fa040 'org/eclipse/jdt/internal/formatter/linewrap/Aligner$$Lambda$456'

Classes redefined (0 events):
No events

Internal exceptions (20 events):
Event: 770.511 Thread 0x0000019a2f046000 Implicit null exception at 0x0000019a0b56e476 to 0x0000019a0b56ea39
Event: 770.511 Thread 0x0000019a2f046000 Exception <a 'java/lang/NullPointerException'{0x00000000ebc81540}> (0x00000000ebc81540) 
thrown [./open/src/hotspot/share/runtime/sharedRuntime.cpp, line 584]
Event: 770.515 Thread 0x0000019a2f046000 Implicit null exception at 0x0000019a0b56e476 to 0x0000019a0b56ea39
Event: 770.515 Thread 0x0000019a2f046000 Exception <a 'java/lang/NullPointerException'{0x00000000ebcd15b0}> (0x00000000ebcd15b0) 
thrown [./open/src/hotspot/share/runtime/sharedRuntime.cpp, line 584]
Event: 770.962 Thread 0x0000019a2f046000 Implicit null exception at 0x0000019a0b56e476 to 0x0000019a0b56ea39
Event: 770.962 Thread 0x0000019a2f046000 Exception <a 'java/lang/NullPointerException'{0x00000000ebda00b0}> (0x00000000ebda00b0) 
thrown [./open/src/hotspot/share/runtime/sharedRuntime.cpp, line 584]
Event: 770.969 Thread 0x0000019a2f046000 Implicit null exception at 0x0000019a0b56e476 to 0x0000019a0b56ea39
Event: 770.970 Thread 0x0000019a2f046000 Exception <a 'java/lang/NullPointerException'{0x00000000ebe32200}> (0x00000000ebe32200) 
thrown [./open/src/hotspot/share/runtime/sharedRuntime.cpp, line 584]
Event: 770.975 Thread 0x0000019a2f046000 Implicit null exception at 0x0000019a0b56e476 to 0x0000019a0b56ea39
Event: 770.975 Thread 0x0000019a2f046000 Exception <a 'java/lang/NullPointerException'{0x00000000ebec05a8}> (0x00000000ebec05a8) 
thrown [./open/src/hotspot/share/runtime/sharedRuntime.cpp, line 584]
Event: 770.977 Thread 0x0000019a2f046000 Implicit null exception at 0x0000019a0b56e476 to 0x0000019a0b56ea39
Event: 770.977 Thread 0x0000019a2f046000 Exception <a 'java/lang/NullPointerException'{0x00000000ebf10230}> (0x00000000ebf10230) 
thrown [./open/src/hotspot/share/runtime/sharedRuntime.cpp, line 584]
Event: 770.980 Thread 0x0000019a2f046000 Implicit null exception at 0x0000019a0b56e476 to 0x0000019a0b56ea39
Event: 770.980 Thread 0x0000019a2f046000 Exception <a 'java/lang/NullPointerException'{0x00000000ebf606e8}> (0x00000000ebf606e8) 
thrown [./open/src/hotspot/share/runtime/sharedRuntime.cpp, line 584]
Event: 3101.431 Thread 0x0000019a2f049000 Exception <a 'java/lang/NoSuchMethodError'{0x00000000ec37cfd0}: 'void java.lang.invoke.DirectMethodHandle$Holder.invokeSpecial(java.lang.Object, java.lang.Object, java.lang.Object, int)'> (0x00000000ec37cfd0) 
thrown [./open/src/hotspot/share/interpreter/linkResolver.cpp, line 766]
Event: 3101.489 Thread 0x0000019a2f04a000 Exception <a 'java/lang/NoSuchMethodError'{0x00000000ec46ad58}: 'java.lang.Object java.lang.invoke.DirectMethodHandle$Holder.invokeStaticInit(java.lang.Object, java.lang.Object, java.lang.Object)'> (0x00000000ec46ad58) 
thrown [./open/src/hotspot/share/interpreter/linkResolver.cpp, line 766]
Event: 3101.532 Thread 0x0000019a2f04a000 Exception <a 'java/lang/NoSuchMethodError'{0x00000000ec54af68}: 'int java.lang.invoke.DirectMethodHandle$Holder.invokeInterface(java.lang.Object, java.lang.Object)'> (0x00000000ec54af68) 
thrown [./open/src/hotspot/share/interpreter/linkResolver.cpp, line 766]
Event: 3101.533 Thread 0x0000019a2f04a000 Exception <a 'java/lang/IncompatibleClassChangeError'{0x00000000ec54d7e8}: Found class java.lang.Object, but interface was expected> (0x00000000ec54d7e8) 
thrown [./open/src/hotspot/share/interpreter/linkResolver.cpp, line 832]
Event: 3101.551 Thread 0x0000019a2f04a000 Implicit null exception at 0x0000019a11a37f1c to 0x0000019a11a3a14c
Event: 3101.692 Thread 0x0000019a2f049000 Exception <a 'java/lang/VerifyError'{0x00000000ec82ca88}: Stack map does not match the one at exception handler 21
Exception Details:
  Location:
    org/netbeans/lib/profiler/ConstructorTest.<init>()V @21: astore_1
  Reason:
    Current frame's flags are not assignable to stack map frame's.
  Current Frame:
    bci: @0
    flags: { flagThisUninit }
    locals: { uninitializedThis }
    stack: { 'java/lang/Throwable' }
  Stackmap Frame:
    bci: @21
    flags: { }
    locals: { top }
    stack: { 'java/lan

Events (20 events):
Event: 3102.860 Executing VM operation: GetAllStackTraces
Event: 3102.861 Executing VM operation: GetAllStackTraces done
Event: 3102.876 Executing VM operation: GetAllStackTraces
Event: 3102.877 Executing VM operation: GetAllStackTraces done
Event: 3102.880 loading class sun/reflect/misc/MethodUtil
Event: 3102.881 loading class sun/reflect/misc/MethodUtil done
Event: 3102.881 loading class sun/reflect/misc/MethodUtil$1
Event: 3102.881 loading class sun/reflect/misc/MethodUtil$1 done
Event: 3102.884 loading class org/netbeans/lib/profiler/wireprotocol/MonitoredNumbersResponse
Event: 3102.885 loading class org/netbeans/lib/profiler/wireprotocol/MonitoredNumbersResponse done
Event: 3102.892 Executing VM operation: GetAllStackTraces
Event: 3102.893 Executing VM operation: GetAllStackTraces done
Event: 3102.907 Executing VM operation: GetAllStackTraces
Event: 3102.908 Executing VM operation: GetAllStackTraces done
Event: 3102.911 loading class org/netbeans/lib/profiler/wireprotocol/EventBufferDumpedCommand
Event: 3102.912 loading class org/netbeans/lib/profiler/wireprotocol/EventBufferDumpedCommand done
Event: 3102.915 loading class org/netbeans/lib/profiler/wireprotocol/DumpResultsResponse
Event: 3102.916 loading class org/netbeans/lib/profiler/wireprotocol/DumpResultsResponse done
Event: 3102.919 loading class org/netbeans/lib/profiler/wireprotocol/GetMethodNamesForJMethodIdsCommand
Event: 3102.919 loading class org/netbeans/lib/profiler/wireprotocol/GetMethodNamesForJMethodIdsCommand done


Dynamic libraries:
0x00007ff6d62f0000 - 0x00007ff6d62ff000 	C:\Program Files\Java\jdk-14.0.1\bin\java.exe
0x00007ffa89df0000 - 0x00007ffa89fe6000 	C:\WINDOWS\SYSTEM32\ntdll.dll
0x00007ffa89900000 - 0x00007ffa899bd000 	C:\WINDOWS\System32\KERNEL32.DLL
0x00007ffa878b0000 - 0x00007ffa87b79000 	C:\WINDOWS\System32\KERNELBASE.dll
0x00007ffa87cd0000 - 0x00007ffa87dd0000 	C:\WINDOWS\System32\ucrtbase.dll
0x00007ffa70a00000 - 0x00007ffa70a18000 	C:\Program Files\Java\jdk-14.0.1\bin\jli.dll
0x00007ffa6e7a0000 - 0x00007ffa6e7b5000 	C:\Program Files\Java\jdk-14.0.1\bin\VCRUNTIME140.dll
0x00007ffa89b70000 - 0x00007ffa89c1c000 	C:\WINDOWS\System32\ADVAPI32.dll
0x00007ffa89c80000 - 0x00007ffa89d1e000 	C:\WINDOWS\System32\msvcrt.dll
0x00007ffa88710000 - 0x00007ffa887ac000 	C:\WINDOWS\System32\sechost.dll
0x00007ffa88580000 - 0x00007ffa886ab000 	C:\WINDOWS\System32\RPCRT4.dll
0x00007ffa899c0000 - 0x00007ffa89b60000 	C:\WINDOWS\System32\USER32.dll
0x00007ffa719d0000 - 0x00007ffa71c6b000 	C:\WINDOWS\WinSxS\amd64_microsoft.windows.common-controls_6595b64144ccf1df_6.0.19041.746_none_ca02b4b61b8320a4\COMCTL32.dll
0x00007ffa87530000 - 0x00007ffa87552000 	C:\WINDOWS\System32\win32u.dll
0x00007ffa89400000 - 0x00007ffa8942a000 	C:\WINDOWS\System32\GDI32.dll
0x00007ffa877a0000 - 0x00007ffa878ab000 	C:\WINDOWS\System32\gdi32full.dll
0x00007ffa87c30000 - 0x00007ffa87ccd000 	C:\WINDOWS\System32\msvcp_win.dll
0x00007ffa7cc50000 - 0x00007ffa7cc5a000 	C:\WINDOWS\SYSTEM32\VERSION.dll
0x00007ffa88550000 - 0x00007ffa88580000 	C:\WINDOWS\System32\IMM32.DLL
0x00007ffa61c30000 - 0x00007ffa61ccb000 	C:\Program Files\Java\jdk-14.0.1\bin\msvcp140.dll
0x00007ffa108d0000 - 0x00007ffa113ee000 	C:\Program Files\Java\jdk-14.0.1\bin\server\jvm.dll
0x00007ffa89b60000 - 0x00007ffa89b68000 	C:\WINDOWS\System32\PSAPI.DLL
0x00007ffa7e950000 - 0x00007ffa7e959000 	C:\WINDOWS\SYSTEM32\WSOCK32.dll
0x00007ffa7c830000 - 0x00007ffa7c857000 	C:\WINDOWS\SYSTEM32\WINMM.dll
0x00007ffa89390000 - 0x00007ffa893fb000 	C:\WINDOWS\System32\WS2_32.dll
0x00007ffa85df0000 - 0x00007ffa85e02000 	C:\WINDOWS\SYSTEM32\kernel.appcore.dll
0x00007ffa82490000 - 0x00007ffa8249a000 	C:\Program Files\Java\jdk-14.0.1\bin\jimage.dll
0x00007ffa85bb0000 - 0x00007ffa85d94000 	C:\WINDOWS\SYSTEM32\DBGHELP.DLL
0x00007ffa7cc20000 - 0x00007ffa7cc4c000 	C:\WINDOWS\SYSTEM32\dbgcore.DLL
0x00007ffa87dd0000 - 0x00007ffa87e50000 	C:\WINDOWS\System32\bcryptPrimitives.dll
0x00007ffa7fba0000 - 0x00007ffa7fbae000 	C:\Program Files\Java\jdk-14.0.1\bin\instrument.dll
0x00007ffa64a80000 - 0x00007ffa64aa5000 	C:\Program Files\Java\jdk-14.0.1\bin\java.dll
0x00007ffa6bb00000 - 0x00007ffa6bb16000 	C:\Program Files\Java\jdk-14.0.1\bin\zip.dll
0x00007ffa887b0000 - 0x00007ffa88ef2000 	C:\WINDOWS\System32\SHELL32.dll
0x00007ffa85360000 - 0x00007ffa85af0000 	C:\WINDOWS\SYSTEM32\windows.storage.dll
0x00007ffa89430000 - 0x00007ffa89786000 	C:\WINDOWS\System32\combase.dll
0x00007ffa86f90000 - 0x00007ffa86fbc000 	C:\WINDOWS\SYSTEM32\Wldp.dll
0x00007ffa87f70000 - 0x00007ffa8801e000 	C:\WINDOWS\System32\SHCORE.dll
0x00007ffa88020000 - 0x00007ffa88075000 	C:\WINDOWS\System32\shlwapi.dll
0x00007ffa87460000 - 0x00007ffa87486000 	C:\WINDOWS\SYSTEM32\profapi.dll
0x00007ffa64a60000 - 0x00007ffa64a79000 	C:\Program Files\Java\jdk-14.0.1\bin\net.dll
0x00007ffa811a0000 - 0x00007ffa812a0000 	C:\WINDOWS\SYSTEM32\WINHTTP.dll
0x00007ffa86d10000 - 0x00007ffa86d7a000 	C:\WINDOWS\system32\mswsock.dll
0x00007ffa62c90000 - 0x00007ffa62ca2000 	C:\Program Files\Java\jdk-14.0.1\bin\nio.dll
0x00007ffa7e790000 - 0x00007ffa7e7a0000 	C:\Program Files\Java\jdk-14.0.1\bin\verify.dll
0x00007ffa86ee0000 - 0x00007ffa86ef8000 	C:\WINDOWS\SYSTEM32\CRYPTSP.dll
0x00007ffa86640000 - 0x00007ffa86674000 	C:\WINDOWS\system32\rsaenh.dll
0x00007ffa875b0000 - 0x00007ffa875d7000 	C:\WINDOWS\System32\bcrypt.dll
0x00007ffa873e0000 - 0x00007ffa8740e000 	C:\WINDOWS\SYSTEM32\USERENV.dll
0x00007ffa86f00000 - 0x00007ffa86f0c000 	C:\WINDOWS\SYSTEM32\CRYPTBASE.dll
0x00007ffa869b0000 - 0x00007ffa869eb000 	C:\WINDOWS\SYSTEM32\IPHLPAPI.DLL
0x00007ffa898e0000 - 0x00007ffa898e8000 	C:\WINDOWS\System32\NSI.dll
0x00007ffa7e150000 - 0x00007ffa7e167000 	C:\WINDOWS\SYSTEM32\dhcpcsvc6.DLL
0x00007ffa7ee20000 - 0x00007ffa7ee3d000 	C:\WINDOWS\SYSTEM32\dhcpcsvc.DLL
0x00007ffa869f0000 - 0x00007ffa86abb000 	C:\WINDOWS\SYSTEM32\DNSAPI.dll
0x00007ffa5e9d0000 - 0x00007ffa5e9fa000 	C:\Users\sebas\AppData\Roaming\Code\User\globalStorage\redhat.java\0.74.0\config_win\org.eclipse.equinox.launcher\org.eclipse.equinox.launcher.win32.win32.x86_64_1.2.0.v20200915-1442\eclipse_11100.dll
0x00007ffa62ac0000 - 0x00007ffa62ad1000 	C:\Users\sebas\AppData\Roaming\Code\User\globalStorage\redhat.java\0.74.0\config_win\org.eclipse.osgi\23\0\.cp\jWinHttp-1.0.0.dll
0x00007ffa88270000 - 0x00007ffa8839a000 	C:\WINDOWS\System32\ole32.dll
0x00007ffa5bcb0000 - 0x00007ffa5bcd5000 	C:\Program Files\Java\jdk-14.0.1\bin\sunec.dll
0x00007ffa76df0000 - 0x00007ffa76dff000 	C:\Program Files\NetBeans-12.2\netbeans\profiler\lib\deployed\jdk16\windows-amd64\profilerinterface.dll
0x00007ffa82510000 - 0x00007ffa82519000 	C:\Program Files\Java\jdk-14.0.1\bin\management.dll
0x00007ffa7e800000 - 0x00007ffa7e80b000 	C:\Program Files\Java\jdk-14.0.1\bin\management_ext.dll

dbghelp: loaded successfully - version: 4.0.5 - missing functions: none
symbol engine: initialized successfully - sym options: 0x614 - pdb path: .;C:\Program Files\Java\jdk-14.0.1\bin;C:\WINDOWS\SYSTEM32;C:\WINDOWS\WinSxS\amd64_microsoft.windows.common-controls_6595b64144ccf1df_6.0.19041.746_none_ca02b4b61b8320a4;C:\Program Files\Java\jdk-14.0.1\bin\server;C:\Users\sebas\AppData\Roaming\Code\User\globalStorage\redhat.java\0.74.0\config_win\org.eclipse.equinox.launcher\org.eclipse.equinox.launcher.win32.win32.x86_64_1.2.0.v20200915-1442;C:\Users\sebas\AppData\Roaming\Code\User\globalStorage\redhat.java\0.74.0\config_win\org.eclipse.osgi\23\0\.cp;C:\Program Files\NetBeans-12.2\netbeans\profiler\lib\deployed\jdk16\windows-amd64

VM Arguments:
jvm_args: --add-modules=ALL-SYSTEM --add-opens=java.base/java.util=ALL-UNNAMED --add-opens=java.base/java.lang=ALL-UNNAMED -Declipse.application=org.eclipse.jdt.ls.core.id1 -Dosgi.bundles.defaultStartLevel=4 -Declipse.product=org.eclipse.jdt.ls.core.product -Dfile.encoding=utf8 -DwatchParentProcess=false -XX:+UseParallelGC -XX:GCTimeRatio=4 -XX:AdaptiveSizePolicyWeight=90 -Dsun.zip.disableMemoryMapping=true -Xmx1G -Xms100m -javaagent:c:\Users\sebas\.vscode\extensions\gabrielbb.vscode-lombok-1.0.1\server\lombok.jar 
java_command: c:\Users\sebas\.vscode\extensions\redhat.java-0.74.0\server\plugins\org.eclipse.equinox.launcher_1.6.0.v20200915-1508.jar -configuration c:\Users\sebas\AppData\Roaming\Code\User\globalStorage\redhat.java\0.74.0\config_win -data c:\Users\sebas\AppData\Roaming\Code\User\workspaceStorage\79d30203d83fc0b461260d5d3566fa74\redhat.java\jdt_ws
java_class_path (initial): c:\Users\sebas\.vscode\extensions\redhat.java-0.74.0\server\plugins\org.eclipse.equinox.launcher_1.6.0.v20200915-1508.jar
Launcher Type: SUN_STANDARD

[Global flags]
    uintx AdaptiveSizePolicyWeight                 = 90                                        {product} {command line}
     intx CICompilerCount                          = 4                                         {product} {ergonomic}
    uintx GCTimeRatio                              = 4                                         {product} {command line}
   size_t InitialHeapSize                          = 104857600                                 {product} {command line}
   size_t MaxHeapSize                              = 1073741824                                {product} {command line}
   size_t MaxNewSize                               = 357564416                                 {product} {ergonomic}
   size_t MinHeapDeltaBytes                        = 524288                                    {product} {ergonomic}
   size_t MinHeapSize                              = 104857600                                 {product} {command line}
   size_t NewSize                                  = 34603008                                  {product} {ergonomic}
    uintx NonNMethodCodeHeapSize                   = 5839372                                {pd product} {ergonomic}
    uintx NonProfiledCodeHeapSize                  = 122909434                              {pd product} {ergonomic}
   size_t OldSize                                  = 70254592                                  {product} {ergonomic}
    uintx ProfiledCodeHeapSize                     = 122909434                              {pd product} {ergonomic}
    uintx ReservedCodeCacheSize                    = 251658240                              {pd product} {ergonomic}
     bool SegmentedCodeCache                       = true                                      {product} {ergonomic}
   size_t SoftMaxHeapSize                          = 1073741824                             {manageable} {ergonomic}
     bool UseCompressedClassPointers               = true                                 {lp64_product} {ergonomic}
     bool UseCompressedOops                        = true                                 {lp64_product} {ergonomic}
     bool UseLargePagesIndividualAllocation        = false                                  {pd product} {ergonomic}
     bool UseParallelGC                            = true                                      {product} {command line}

Logging:
Log output configuration:
 #0: stdout all=warning uptime,level,tags
 #1: stderr all=off uptime,level,tags

Environment Variables:
PATH=C:\Program Files (x86)\Common Files\Oracle\Java\javapath;C:\Program Files\Microsoft MPI\Bin\;C:\Windows\system32;C:\Windows;C:\Windows\System32\Wbem;C:\Windows\System32\WindowsPowerShell\v1.0\;C:\Windows\System32\OpenSSH\;C:\Program Files (x86)\NVIDIA Corporation\PhysX\Common;C:\Program Files\NVIDIA Corporation\NVIDIA NvDLISR;C:\Program Files\Java\jdk1.8.0_241\bin;C:\Program Files\dotnet\;C:\Program Files\Microsoft SQL Server\130\Tools\Binn\;C:\WINDOWS\system32;C:\WINDOWS;C:\WINDOWS\System32\Wbem;C:\WINDOWS\System32\WindowsPowerShell\v1.0\;C:\WINDOWS\System32\OpenSSH\;C:\Program Files\MySQL\MySQL Shell 8.0\bin\;C:\Users\sebas\AppData\Local\Microsoft\WindowsApps;C:\Program Files\Java\jdk-14.0.1\bin;C:\Users\sebas\AppData\Local\Programs\Microsoft VS Code\bin;C:\Users\sebas\AppData\Local\GitHubDesktop\bin;C:\Users\sebas\.dotnet\tools
USERNAME=sebas
OS=Windows_NT
PROCESSOR_IDENTIFIER=Intel64 Family 6 Model 158 Stepping 10, GenuineIntel



---------------  S Y S T E M  ---------------

OS: Windows 10 , 64 bit Build 19041 (10.0.19041.789)
OS uptime: 2 days 8:05 hours

CPU:total 12 (initial active 12) (6 cores per cpu, 2 threads per core) family 6 model 158 stepping 10, cmov, cx8, fxsr, mmx, sse, sse2, sse3, ssse3, sse4.1, sse4.2, popcnt, avx, avx2, aes, clmul, erms, 3dnowpref, lzcnt, ht, tsc, tscinvbit, bmi1, bmi2, adx, fma

Memory: 4k page, system-wide physical 16196M (5459M free)
TotalPageFile size 24629M (AvailPageFile size 6003M)
current process WorkingSet (physical memory assigned to process): 250M, peak: 794M
current process commit charge ("private bytes"): 716M, peak: 773M

vm_info: Java HotSpot(TM) 64-Bit Server VM (14.0.1+7) for windows-amd64 JRE (14.0.1+7), built on Mar  5 2020 10:30:14 by "mach5one" with MS VC++ 15.9 (VS2017)

END.
